<testsuites id="" name="" tests="1" failures="1" skipped="0" errors="0" time="30.324907">
<testsuite name="webcam/webcam-e2e.spec.js" timestamp="2025-06-24T01:32:14.138Z" hostname="chromium" tests="1" failures="1" skipped="0" time="26.721" errors="0">
<testcase name="Webcam End-to-End Testing Suite › Console Error Monitoring Validation" classname="webcam/webcam-e2e.spec.js" time="26.721">
<failure message="webcam-e2e.spec.js:528:5 Console Error Monitoring Validation" type="FAILURE">
<![CDATA[  [chromium] › webcam/webcam-e2e.spec.js:528:5 › Webcam End-to-End Testing Suite › Console Error Monitoring Validation 

    TimeoutError: locator.click: Timeout 10000ms exceeded.
    Call log:
      - waiting for locator('#refreshCamerasBtn')
        - locator resolved to <button type="button" id="refreshCamerasBtn" class="button secondary-btn">🔄 Refresh Camera List</button>
      - attempting click action
        2 × waiting for element to be visible, enabled and stable
          - element is not visible
        - retrying click action
        - waiting 20ms
        2 × waiting for element to be visible, enabled and stable
          - element is not visible
        - retrying click action
          - waiting 100ms
        19 × waiting for element to be visible, enabled and stable
           - element is not visible
         - retrying click action
           - waiting 500ms


      537 |
      538 |         // Perform various operations to trigger potential errors
    > 539 |         await page.locator('#refreshCamerasBtn').click();
          |                                                  ^
      540 |         await page.waitForTimeout(2000);
      541 |
      542 |         // Check if any console errors were captured
        at /home/remote/MonsterBox/tests/webcam/webcam-e2e.spec.js:539:50

    attachment #1: screenshot (image/png) ──────────────────────────────────────────────────────────
    test-results/webcam-webcam-e2e-Webcam-E-62abd-Error-Monitoring-Validation-chromium/test-failed-1.png
    ────────────────────────────────────────────────────────────────────────────────────────────────

    attachment #2: video (video/webm) ──────────────────────────────────────────────────────────────
    test-results/webcam-webcam-e2e-Webcam-E-62abd-Error-Monitoring-Validation-chromium/video.webm
    ────────────────────────────────────────────────────────────────────────────────────────────────

    Error Context: ../test-results/webcam-webcam-e2e-Webcam-E-62abd-Error-Monitoring-Validation-chromium/error-context.md
]]>
</failure>
<system-out>
<![CDATA[
[[ATTACHMENT|webcam-webcam-e2e-Webcam-E-62abd-Error-Monitoring-Validation-chromium/test-failed-1.png]]

[[ATTACHMENT|webcam-webcam-e2e-Webcam-E-62abd-Error-Monitoring-Validation-chromium/video.webm]]

[[ATTACHMENT|webcam-webcam-e2e-Webcam-E-62abd-Error-Monitoring-Validation-chromium/error-context.md]]
]]>
</system-out>
</testcase>
</testsuite>
</testsuites>